<?xml version="1.0" encoding="UTF-8"?>
<!-- Generated by org.testng.reporters.JUnitReportReporter -->
<testsuite skipped="0" hostname="LAPTOP-ABAS1HV8" name="Academy.HomePage" tests="1" failures="0" timestamp="03 Mar 2020 20:20:05 GMT" time="45.857" errors="0">
  <testcase name="basePageNavigation" time="45.857" classname="Academy.HomePage"/>
</testsuite> <!-- Academy.HomePage -->
